<?xml version="1.0" encoding="UTF-8"?>
<testsuite xmlns:xsi="http://www.w3.org/2001/XMLSchema-instance" xsi:noNamespaceSchemaLocation="https://maven.apache.org/surefire/maven-surefire-plugin/xsd/surefire-test-report.xsd" name="com.dpr.utilities.AppTest" time="0.583" tests="1" errors="1" skipped="0" failures="0">
  <properties>
[...]
</properties>
  <testcase name="testHello{CapturedOutput}" classname="com.dpr.utilities.AppTest" time="0.573">
    <error message="&apos;java.lang.String org.apache.commons.lang3.StringUtils.toRootLowerCase(java.lang.String)&apos;" type="java.lang.NoSuchMethodError">java.lang.NoSuchMethodError: 'java.lang.String org.apache.commons.lang3.StringUtils.toRootLowerCase(java.lang.String)'
	at com.dpr.utilities.AppTest.testHello(AppTest.java:15)
</error>
    <system-out><![CDATA[Hello World!
22:30:53.939 [main] DEBUG com.gargoylesoftware.htmlunit.WebClient - Get page for window named '', using WebRequest[<url="https://h3r.mlspin.com/signin.asp#ath", GET, EncodingType[name=application/x-www-form-urlencoded], [], {Accept=text/html,application/xhtml+xml,application/xml;q=0.9,image/avif,image/webp,image/apng,*/*;q=0.8,application/signed-exchange;v=b3;q=0.9, Accept-Encoding=gzip, deflate, br}, null>]
22:30:53.941 [main] DEBUG com.gargoylesoftware.htmlunit.WebClient - Load response for GET https://h3r.mlspin.com/signin.asp#ath
22:30:54.044 [main] DEBUG org.apache.http.client.protocol.RequestAddCookies - CookieSpec selected: mine
22:30:54.050 [main] DEBUG org.apache.http.impl.conn.PoolingHttpClientConnectionManager - Connection request: [route: {s}->https://h3r.mlspin.com:443][total kept alive: 0; route allocated: 0 of 6; total allocated: 0 of 20]
22:30:54.054 [main] DEBUG org.apache.http.impl.conn.PoolingHttpClientConnectionManager - Connection leased: [id: 0][route: {s}->https://h3r.mlspin.com:443][total kept alive: 0; route allocated: 1 of 6; total allocated: 1 of 20]
22:30:54.054 [main] DEBUG org.apache.http.impl.execchain.MainClientExec - Opening connection {s}->https://h3r.mlspin.com:443
22:30:54.084 [main] DEBUG org.apache.http.impl.conn.DefaultHttpClientConnectionOperator - Connecting to h3r.mlspin.com/69.26.127.118:443
22:30:54.085 [main] DEBUG com.gargoylesoftware.htmlunit.httpclient.HtmlUnitSSLConnectionSocketFactory - Connecting socket to h3r.mlspin.com/69.26.127.118:443 with timeout 90000
22:30:54.110 [main] DEBUG com.gargoylesoftware.htmlunit.httpclient.HtmlUnitSSLConnectionSocketFactory - Enabled protocols: [TLSv1.3, TLSv1.2]
22:30:54.110 [main] DEBUG com.gargoylesoftware.htmlunit.httpclient.HtmlUnitSSLConnectionSocketFactory - Enabled cipher suites:[TLS_AES_256_GCM_SHA384, TLS_AES_128_GCM_SHA256, TLS_CHACHA20_POLY1305_SHA256, TLS_ECDHE_ECDSA_WITH_AES_256_GCM_SHA384, TLS_ECDHE_ECDSA_WITH_AES_128_GCM_SHA256, TLS_ECDHE_ECDSA_WITH_CHACHA20_POLY1305_SHA256, TLS_ECDHE_RSA_WITH_AES_256_GCM_SHA384, TLS_ECDHE_RSA_WITH_CHACHA20_POLY1305_SHA256, TLS_ECDHE_RSA_WITH_AES_128_GCM_SHA256, TLS_DHE_RSA_WITH_AES_256_GCM_SHA384, TLS_DHE_RSA_WITH_CHACHA20_POLY1305_SHA256, TLS_DHE_DSS_WITH_AES_256_GCM_SHA384, TLS_DHE_RSA_WITH_AES_128_GCM_SHA256, TLS_DHE_DSS_WITH_AES_128_GCM_SHA256, TLS_ECDHE_ECDSA_WITH_AES_256_CBC_SHA384, TLS_ECDHE_RSA_WITH_AES_256_CBC_SHA384, TLS_ECDHE_ECDSA_WITH_AES_128_CBC_SHA256, TLS_ECDHE_RSA_WITH_AES_128_CBC_SHA256, TLS_DHE_RSA_WITH_AES_256_CBC_SHA256, TLS_DHE_DSS_WITH_AES_256_CBC_SHA256, TLS_DHE_RSA_WITH_AES_128_CBC_SHA256, TLS_DHE_DSS_WITH_AES_128_CBC_SHA256, TLS_ECDH_ECDSA_WITH_AES_256_GCM_SHA384, TLS_ECDH_RSA_WITH_AES_256_GCM_SHA384, TLS_ECDH_ECDSA_WITH_AES_128_GCM_SHA256, TLS_ECDH_RSA_WITH_AES_128_GCM_SHA256, TLS_ECDH_ECDSA_WITH_AES_256_CBC_SHA384, TLS_ECDH_RSA_WITH_AES_256_CBC_SHA384, TLS_ECDH_ECDSA_WITH_AES_128_CBC_SHA256, TLS_ECDH_RSA_WITH_AES_128_CBC_SHA256, TLS_ECDHE_ECDSA_WITH_AES_256_CBC_SHA, TLS_ECDHE_RSA_WITH_AES_256_CBC_SHA, TLS_ECDHE_ECDSA_WITH_AES_128_CBC_SHA, TLS_ECDHE_RSA_WITH_AES_128_CBC_SHA, TLS_DHE_RSA_WITH_AES_256_CBC_SHA, TLS_DHE_DSS_WITH_AES_256_CBC_SHA, TLS_DHE_RSA_WITH_AES_128_CBC_SHA, TLS_DHE_DSS_WITH_AES_128_CBC_SHA, TLS_ECDH_ECDSA_WITH_AES_256_CBC_SHA, TLS_ECDH_RSA_WITH_AES_256_CBC_SHA, TLS_ECDH_ECDSA_WITH_AES_128_CBC_SHA, TLS_ECDH_RSA_WITH_AES_128_CBC_SHA, TLS_RSA_WITH_AES_256_GCM_SHA384, TLS_RSA_WITH_AES_128_GCM_SHA256, TLS_RSA_WITH_AES_256_CBC_SHA256, TLS_RSA_WITH_AES_128_CBC_SHA256, TLS_RSA_WITH_AES_256_CBC_SHA, TLS_RSA_WITH_AES_128_CBC_SHA, TLS_EMPTY_RENEGOTIATION_INFO_SCSV]
22:30:54.110 [main] DEBUG com.gargoylesoftware.htmlunit.httpclient.HtmlUnitSSLConnectionSocketFactory - Starting handshake
22:30:54.182 [main] DEBUG com.gargoylesoftware.htmlunit.httpclient.HtmlUnitSSLConnectionSocketFactory - Secure session established
22:30:54.182 [main] DEBUG com.gargoylesoftware.htmlunit.httpclient.HtmlUnitSSLConnectionSocketFactory -  negotiated protocol: TLSv1.2
22:30:54.182 [main] DEBUG com.gargoylesoftware.htmlunit.httpclient.HtmlUnitSSLConnectionSocketFactory -  negotiated cipher suite: TLS_ECDHE_RSA_WITH_AES_256_GCM_SHA384
22:30:54.182 [main] DEBUG com.gargoylesoftware.htmlunit.httpclient.HtmlUnitSSLConnectionSocketFactory -  peer principal: CN=pinergy.mlspin.com, O="MLS Property Information Network, Inc.", L=Shrewsbury, ST=Massachusetts, C=US, SERIALNUMBER=043346520, OID.1.3.6.1.4.1.311.60.2.1.2=Massachusetts, OID.1.3.6.1.4.1.311.60.2.1.3=US, OID.2.5.4.15=Private Organization
22:30:54.182 [main] DEBUG com.gargoylesoftware.htmlunit.httpclient.HtmlUnitSSLConnectionSocketFactory -  peer alternative names: [pinergy.mlspin.com, h3.mlspin.com, h3a.mlspin.com, h3b.mlspin.com, h3c.mlspin.com, h3d.mlspin.com, h3e.mlspin.com, h3f.mlspin.com, h3g.mlspin.com, h3h.mlspin.com, h3i.mlspin.com, h3j.mlspin.com, h3k.mlspin.com, h3l.mlspin.com, h3m.mlspin.com, h3n.mlspin.com, h3o.mlspin.com, h3p.mlspin.com, h3q.mlspin.com, h3r.mlspin.com, h3s.mlspin.com, h3t.mlspin.com, h3u.mlspin.com, h3v.mlspin.com, media.mlspin.com, pdf.mlspin.com, h3w.mlspin.com, h3x.mlspin.com, h3y.mlspin.com, h3z.mlspin.com, mobile.mlspin.com]
22:30:54.182 [main] DEBUG com.gargoylesoftware.htmlunit.httpclient.HtmlUnitSSLConnectionSocketFactory -  issuer principal: CN=DigiCert SHA2 Extended Validation Server CA, OU=www.digicert.com, O=DigiCert Inc, C=US
22:30:54.183 [main] DEBUG org.apache.http.impl.conn.DefaultHttpClientConnectionOperator - Connection established 192.168.68.68:51353<->69.26.127.118:443
22:30:54.183 [main] DEBUG org.apache.http.impl.conn.DefaultManagedHttpClientConnection - http-outgoing-0: set socket timeout to 90000
22:30:54.184 [main] DEBUG org.apache.http.impl.execchain.MainClientExec - Executing request GET /signin.asp HTTP/1.1
22:30:54.184 [main] DEBUG org.apache.http.impl.execchain.MainClientExec - Target auth state: UNCHALLENGED
22:30:54.184 [main] DEBUG org.apache.http.impl.execchain.MainClientExec - Proxy auth state: UNCHALLENGED
22:30:54.184 [main] DEBUG org.apache.http.headers - http-outgoing-0 >> GET /signin.asp HTTP/1.1
22:30:54.184 [main] DEBUG org.apache.http.headers - http-outgoing-0 >> Host: h3r.mlspin.com
22:30:54.184 [main] DEBUG org.apache.http.headers - http-outgoing-0 >> Connection: Keep-Alive
22:30:54.184 [main] DEBUG org.apache.http.headers - http-outgoing-0 >> sec-ch-ua: "Chromium";v="106", "Google Chrome";v="106", "Not;A=Brand";v="99"
22:30:54.184 [main] DEBUG org.apache.http.headers - http-outgoing-0 >> sec-ch-ua-mobile: ?0
22:30:54.184 [main] DEBUG org.apache.http.headers - http-outgoing-0 >> sec-ch-ua-platform: "Windows"
22:30:54.184 [main] DEBUG org.apache.http.headers - http-outgoing-0 >> Upgrade-Insecure-Requests: 1
22:30:54.184 [main] DEBUG org.apache.http.headers - http-outgoing-0 >> User-Agent: Mozilla/5.0 (Windows NT 10.0; Win64; x64) AppleWebKit/537.36 (KHTML, like Gecko) Chrome/106.0.0.0 Safari/537.36
22:30:54.184 [main] DEBUG org.apache.http.headers - http-outgoing-0 >> Accept: text/html,application/xhtml+xml,application/xml;q=0.9,image/avif,image/webp,image/apng,*/*;q=0.8,application/signed-exchange;v=b3;q=0.9
22:30:54.184 [main] DEBUG org.apache.http.headers - http-outgoing-0 >> Sec-Fetch-Site: same-origin
22:30:54.184 [main] DEBUG org.apache.http.headers - http-outgoing-0 >> Sec-Fetch-Mode: navigate
22:30:54.184 [main] DEBUG org.apache.http.headers - http-outgoing-0 >> Sec-Fetch-User: ?1
22:30:54.184 [main] DEBUG org.apache.http.headers - http-outgoing-0 >> Sec-Fetch-Dest: document
22:30:54.184 [main] DEBUG org.apache.http.headers - http-outgoing-0 >> Accept-Encoding: gzip, deflate, br
22:30:54.184 [main] DEBUG org.apache.http.headers - http-outgoing-0 >> Accept-Language: en-US,en;q=0.9
22:30:54.184 [main] DEBUG org.apache.http.wire - http-outgoing-0 >> "GET /signin.asp HTTP/1.1[\r][\n]"
22:30:54.185 [main] DEBUG org.apache.http.wire - http-outgoing-0 >> "Host: h3r.mlspin.com[\r][\n]"
22:30:54.185 [main] DEBUG org.apache.http.wire - http-outgoing-0 >> "Connection: Keep-Alive[\r][\n]"
22:30:54.185 [main] DEBUG org.apache.http.wire - http-outgoing-0 >> "sec-ch-ua: "Chromium";v="106", "Google Chrome";v="106", "Not;A=Brand";v="99"[\r][\n]"
22:30:54.185 [main] DEBUG org.apache.http.wire - http-outgoing-0 >> "sec-ch-ua-mobile: ?0[\r][\n]"
22:30:54.185 [main] DEBUG org.apache.http.wire - http-outgoing-0 >> "sec-ch-ua-platform: "Windows"[\r][\n]"
22:30:54.185 [main] DEBUG org.apache.http.wire - http-outgoing-0 >> "Upgrade-Insecure-Requests: 1[\r][\n]"
22:30:54.185 [main] DEBUG org.apache.http.wire - http-outgoing-0 >> "User-Agent: Mozilla/5.0 (Windows NT 10.0; Win64; x64) AppleWebKit/537.36 (KHTML, like Gecko) Chrome/106.0.0.0 Safari/537.36[\r][\n]"
22:30:54.185 [main] DEBUG org.apache.http.wire - http-outgoing-0 >> "Accept: text/html,application/xhtml+xml,application/xml;q=0.9,image/avif,image/webp,image/apng,*/*;q=0.8,application/signed-exchange;v=b3;q=0.9[\r][\n]"
22:30:54.185 [main] DEBUG org.apache.http.wire - http-outgoing-0 >> "Sec-Fetch-Site: same-origin[\r][\n]"
22:30:54.185 [main] DEBUG org.apache.http.wire - http-outgoing-0 >> "Sec-Fetch-Mode: navigate[\r][\n]"
22:30:54.185 [main] DEBUG org.apache.http.wire - http-outgoing-0 >> "Sec-Fetch-User: ?1[\r][\n]"
22:30:54.185 [main] DEBUG org.apache.http.wire - http-outgoing-0 >> "Sec-Fetch-Dest: document[\r][\n]"
22:30:54.185 [main] DEBUG org.apache.http.wire - http-outgoing-0 >> "Accept-Encoding: gzip, deflate, br[\r][\n]"
22:30:54.185 [main] DEBUG org.apache.http.wire - http-outgoing-0 >> "Accept-Language: en-US,en;q=0.9[\r][\n]"
22:30:54.185 [main] DEBUG org.apache.http.wire - http-outgoing-0 >> "[\r][\n]"
22:30:54.223 [main] DEBUG org.apache.http.wire - http-outgoing-0 << "HTTP/1.1 200 OK[\r][\n]"
22:30:54.223 [main] DEBUG org.apache.http.wire - http-outgoing-0 << "Cache-Control: no-cache[\r][\n]"
22:30:54.223 [main] DEBUG org.apache.http.wire - http-outgoing-0 << "Content-Type: text/html[\r][\n]"
22:30:54.223 [main] DEBUG org.apache.http.wire - http-outgoing-0 << "Expires: Wed, 09 Nov 2022 03:30:54 GMT[\r][\n]"
22:30:54.223 [main] DEBUG org.apache.http.wire - http-outgoing-0 << "Server: Microsoft-IIS/10.0[\r][\n]"
22:30:54.223 [main] DEBUG org.apache.http.wire - http-outgoing-0 << "Set-Cookie: .MLSPIN=; expires=11/8/2022 10:30:54 PM; path=/; HttpOnly;Secure;SameSite=Lax;[\r][\n]"
22:30:54.223 [main] DEBUG org.apache.http.wire - http-outgoing-0 << "Set-Cookie: ASP.NET_SessionId=; expires=11/8/2022 10:30:54 PM;  path=/; HttpOnly;Secure;SameSite=Lax;[\r][\n]"
22:30:54.223 [main] DEBUG org.apache.http.wire - http-outgoing-0 << "Set-Cookie: contextUserId=; expires=11/8/2022 10:30:54 PM; path=/; HttpOnly;Secure;SameSite=Lax;[\r][\n]"
22:30:54.223 [main] DEBUG org.apache.http.wire - http-outgoing-0 << "Set-Cookie: ContactsHomeLoad=; expires=11/8/2022 10:30:54 PM; path=/;Secure;SameSite=Lax;[\r][\n]"
22:30:54.223 [main] DEBUG org.apache.http.wire - http-outgoing-0 << "Set-Cookie: hdnCKModuleId=; expires=11/8/2022 10:30:54 PM; path=/;Secure;SameSite=Lax;[\r][\n]"
22:30:54.223 [main] DEBUG org.apache.http.wire - http-outgoing-0 << "Set-Cookie: hdnCKModuleViewId=; expires=11/8/2022 10:30:54 PM; path=/;Secure;SameSite=Lax;[\r][\n]"
22:30:54.223 [main] DEBUG org.apache.http.wire - http-outgoing-0 << "Set-Cookie: hdnCKOrdinal=; expires=11/8/2022 10:30:54 PM; path=/;Secure;SameSite=Lax;[\r][\n]"
22:30:54.223 [main] DEBUG org.apache.http.wire - http-outgoing-0 << "Set-Cookie: hdnCKSkip=; expires=11/8/2022 10:30:54 PM; path=/;Secure;SameSite=Lax;[\r][\n]"
22:30:54.223 [main] DEBUG org.apache.http.wire - http-outgoing-0 << "Set-Cookie: hdnCKTop=; expires=11/8/2022 10:30:54 PM; path=/;Secure;SameSite=Lax;[\r][\n]"
22:30:54.223 [main] DEBUG org.apache.http.wire - http-outgoing-0 << "Set-Cookie: hdnCKListingsPageLoadFlag=; expires=11/8/2022 10:30:54 PM; path=/;Secure;SameSite=Lax;[\r][\n]"
22:30:54.223 [main] DEBUG org.apache.http.wire - http-outgoing-0 << "Set-Cookie: hdnCKListingsPageLoad=; expires=11/8/2022 10:30:54 PM; path=/;Secure;SameSite=Lax;[\r][\n]"
22:30:54.223 [main] DEBUG org.apache.http.wire - http-outgoing-0 << "Set-Cookie: hdnCKViewDetail=; expires=11/8/2022 10:30:54 PM; path=/;Secure;SameSite=Lax;[\r][\n]"
22:30:54.223 [main] DEBUG org.apache.http.wire - http-outgoing-0 << "Set-Cookie: hdnCKViewId=; expires=11/8/2022 10:30:54 PM; path=/;Secure;SameSite=Lax;[\r][\n]"
22:30:54.223 [main] DEBUG org.apache.http.wire - http-outgoing-0 << "Set-Cookie: loadMapFlag=; expires=11/8/2022 10:30:54 PM; path=/;Secure;SameSite=Lax;[\r][\n]"
22:30:54.223 [main] DEBUG org.apache.http.wire - http-outgoing-0 << "Set-Cookie: SubscriberId=; expires=11/8/2022 10:30:54 PM; path=/;Secure;SameSite=Lax;[\r][\n]"
22:30:54.223 [main] DEBUG org.apache.http.wire - http-outgoing-0 << "Set-Cookie: SearchContact=; expires=11/8/2022 10:30:54 PM; path=/;Secure;SameSite=Lax;[\r][\n]"
22:30:54.223 [main] DEBUG org.apache.http.wire - http-outgoing-0 << "Set-Cookie: IgnoreAllFilters=; expires=11/8/2022 10:30:54 PM; path=/;Secure;SameSite=Lax;[\r][\n]"
22:30:54.223 [main] DEBUG org.apache.http.wire - http-outgoing-0 << "Set-Cookie: ContactsHomeSlider=; expires=11/8/2022 10:30:54 PM; path=/;Secure;SameSite=Lax;[\r][\n]"
22:30:54.223 [main] DEBUG org.apache.http.wire - http-outgoing-0 << "Set-Cookie: ContactsHomeTab=; expires=11/8/2022 10:30:54 PM; path=/;Secure;SameSite=Lax;[\r][\n]"
22:30:54.223 [main] DEBUG org.apache.http.wire - http-outgoing-0 << "Set-Cookie: ContactsHomeShowNotes=; expires=11/8/2022 10:30:54 PM; path=/;Secure;SameSite=Lax;[\r][\n]"
22:30:54.223 [main] DEBUG org.apache.http.wire - http-outgoing-0 << "Set-Cookie: ContactsDetailTab=; expires=11/8/2022 10:30:54 PM; path=/;Secure;SameSite=Lax;[\r][\n]"
22:30:54.223 [main] DEBUG org.apache.http.wire - http-outgoing-0 << "Set-Cookie: ContactsActivitySlider=; expires=11/8/2022 10:30:54 PM; path=/;Secure;SameSite=Lax;[\r][\n]"
22:30:54.223 [main] DEBUG org.apache.http.wire - http-outgoing-0 << "Set-Cookie: ContactsSearchShowDetail=; expires=11/8/2022 10:30:54 PM; path=/;Secure;SameSite=Lax;[\r][\n]"
22:30:54.223 [main] DEBUG org.apache.http.wire - http-outgoing-0 << "Set-Cookie: ContactsMatchesSlider=; expires=11/8/2022 10:30:54 PM; path=/;Secure;SameSite=Lax;[\r][\n]"
22:30:54.223 [main] DEBUG org.apache.http.wire - http-outgoing-0 << "Set-Cookie: ContactsMatchesTab=; expires=11/8/2022 10:30:54 PM; path=/;Secure;SameSite=Lax;[\r][\n]"
22:30:54.223 [main] DEBUG org.apache.http.wire - http-outgoing-0 << "Set-Cookie: ContactsHistorySlider=; expires=11/8/2022 10:30:54 PM; path=/;Secure;SameSite=Lax;[\r][\n]"
22:30:54.223 [main] DEBUG org.apache.http.wire - http-outgoing-0 << "Set-Cookie: ScrollLocationTop=; expires=11/8/2022 10:30:54 PM; path=/;Secure;SameSite=Lax;[\r][\n]"
22:30:54.223 [main] DEBUG org.apache.http.wire - http-outgoing-0 << "Set-Cookie: ScrollLocationLeft=; expires=11/8/2022 10:30:54 PM; path=/;Secure;SameSite=Lax;[\r][\n]"
22:30:54.223 [main] DEBUG org.apache.http.wire - http-outgoing-0 << "Set-Cookie: ScrollLocationTopCMA=; expires=11/8/2022 10:30:54 PM; path=/;Secure;SameSite=Lax;[\r][\n]"
22:30:54.223 [main] DEBUG org.apache.http.wire - http-outgoing-0 << "Set-Cookie: ScrollLocationLeftCMA=; expires=11/8/2022 10:30:54 PM; path=/;Secure;SameSite=Lax;[\r][\n]"
22:30:54.223 [main] DEBUG org.apache.http.wire - http-outgoing-0 << "Set-Cookie: amrMLSID=; expires=11/8/2022 10:30:54 PM; path=/;Secure;SameSite=Lax;[\r][\n]"
22:30:54.223 [main] DEBUG org.apache.http.wire - http-outgoing-0 << "Set-Cookie: amrUNK=; expires=11/8/2022 10:30:54 PM; path=/;Secure;SameSite=Lax;[\r][\n]"
22:30:54.223 [main] DEBUG org.apache.http.wire - http-outgoing-0 << "Set-Cookie: amrSID=; expires=11/8/2022 10:30:54 PM; path=/;Secure;SameSite=Lax;[\r][\n]"
22:30:54.224 [main] DEBUG org.apache.http.wire - http-outgoing-0 << "Set-Cookie: ASPSESSIONIDAEADADAC=LKMPMGCCOHHAADEFJJKMKDIM; secure; path=/[\r][\n]"
22:30:54.224 [main] DEBUG org.apache.http.wire - http-outgoing-0 << "X-Powered-By: ASP.NET[\r][\n]"
22:30:54.224 [main] DEBUG org.apache.http.wire - http-outgoing-0 << "Date: Thu, 10 Nov 2022 03:30:54 GMT[\r][\n]"
22:30:54.224 [main] DEBUG org.apache.http.wire - http-outgoing-0 << "Content-Length: 16869[\r][\n]"
22:30:54.224 [main] DEBUG org.apache.http.wire - http-outgoing-0 << "[\r][\n]"
22:30:54.224 [main] DEBUG org.apache.http.wire - http-outgoing-0 << "<!-- Latest compiled and minified CSS -->[\r][\n]"
22:30:54.224 [main] DEBUG org.apache.http.wire - http-outgoing-0 << "<LINK href="/css/Signin.css?v=1" type=text/css rel=stylesheet>[\r][\n]"
22:30:54.224 [main] DEBUG org.apache.http.wire - http-outgoing-0 << "<link href="shared/Styles/3rdParty/font-awesome.min.css" rel="stylesheet" />[\r][\n]"
22:30:54.224 [main] DEBUG org.apache.http.wire - http-outgoing-0 << "<script language='javascript'> window.sessionStorage.clear();</script>[\r][\n]"
22:30:54.224 [main] DEBUG org.apache.http.wire - http-outgoing-0 << "<html>[\r][\n]"
22:30:54.224 [main] DEBUG org.apache.http.wire - http-outgoing-0 << "<head>[\r][\n]"
22:30:54.224 [main] DEBUG org.apache.http.wire - http-outgoing-0 << "    <meta name="viewport" content="width=device-width,initial-scale=1,maximum-scale=1,user-scalable=no, shrink-to-fit=no">[\r][\n]"
22:30:54.224 [main] DEBUG org.apache.http.wire - http-outgoing-0 << "    <meta http-equiv="CACHE-CONTROL" content="NO-CACHE">[\r][\n]"
22:30:54.224 [main] DEBUG org.apache.http.wire - http-outgoing-0 << "    <meta http-equiv="expires" content="0">[\r][\n]"
22:30:54.224 [main] DEBUG org.apache.http.wire - http-outgoing-0 << "    <title>Pinergy - Sign In</title>[\r][\n]"
22:30:54.224 [main] DEBUG org.apache.http.wire - http-outgoing-0 << "    <link href="/style.asp" type="text/css" rel="stylesheet">[\r][\n]"
22:30:54.224 [main] DEBUG org.apache.http.wire - http-outgoing-0 << "[\r][\n]"
22:30:54.224 [main] DEBUG org.apache.http.wire - http-outgoing-0 << "    <script type="text/javascript" src="/shared/scripts/3rdParty/jquery-3.3.1.min.js"></script>[\r][\n]"
22:30:54.224 [main] DEBUG org.apache.http.wire - http-outgoing-0 << "    <script type="text/javascript" src="/shared/scripts/3rdParty/bootstrap-4.1.1/bootstrap.min.js"></script>[\r][\n]"
22:30:54.224 [main] DEBUG org.apache.http.wire - http-outgoing-0 << "    <script type="text/javascript" src="/shared/scripts/cookieConsent.js?v=3"></script>[\r][\n]"
22:30:54.224 [main] DEBUG org.apache.http.wire - http-outgoing-0 << "[\r][\n]"
22:30:54.224 [main] DEBUG org.apache.http.wire - http-outgoing-0 << "    <script language="JavaScript">[\r][\n]"
22:30:54.224 [main] DEBUG org.apache.http.wire - http-outgoing-0 << "        var ath; ath = {};[\r][\n]"
22:30:54.224 [main] DEBUG org.apache.http.wire - http-outgoing-0 << "        $(document).ready(function(){[\r][\n]"
22:30:54.224 [main] DEBUG org.apache.http.wire - http-outgoing-0 << "            $(".mls-js-password-toggle").on("click", function(e){[\r][\n]"
22:30:54.224 [main] DEBUG org.apache.http.wire - http-outgoing-0 << "                var me = $(this);[\r][\n]"
22:30:54.224 [main] DEBUG org.apache.http.wire - http-outgoing-0 << "                var input = me.parent().find("input");[\r][\n]"
22:30:54.224 [main] DEBUG org.apache.http.wire - http-outgoing-0 << "                if (input.attr("type") === "password") {[\r][\n]"
22:30:54.224 [main] DEBUG org.apache.http.wire - http-outgoing-0 << "                    me.find(".mls-js-show-icon").hide();//addClass("sr-only");[\r][\n]"
22:30:54.224 [main] DEBUG org.apache.http.wire - http-outgoing-0 << "                    me.find(".mls-js-hide-icon").removeClass("mls-hidden").show();[\r][\n]"
22:30:54.224 [main] DEBUG org.apache.http.wire - http-outgoing-0 << "                    input.attr("type", "text");[\r][\n]"
22:30:54.224 [main] DEBUG org.apache.http.wire - http-outgoing-0 << "                    me.attr("aria-pressed", true);[\r][\n]"
22:30:54.224 [main] DEBUG org.apache.http.wire - http-outgoing-0 << "                }[\r][\n]"
22:30:54.224 [main] DEBUG org.apache.http.wire - http-outgoing-0 << "                else {[\r][\n]"
22:30:54.224 [main] DEBUG org.apache.http.wire - http-outgoing-0 << "                    me.find(".mls-js-show-icon").show();//.removeClass("sr-only");[\r][\n]"
22:30:54.224 [main] DEBUG org.apache.http.wire - http-outgoing-0 << "                    me.find(".mls-js-hide-icon").addClass("mls-hidden").hide();[\r][\n]"
22:30:54.224 [main] DEBUG org.apache.http.wire - http-outgoing-0 << "                    input.attr("type", "password");[\r][\n]"
22:30:54.224 [main] DEBUG org.apache.http.wire - http-outgoing-0 << "                    me.attr("aria-pressed", false);[\r][\n]"
22:30:54.224 [main] DEBUG org.apache.http.wire - http-outgoing-0 << "                }[\r][\n]"
22:30:54.224 [main] DEBUG org.apache.http.wire - http-outgoing-0 << "                e.preventDefault();[\r][\n]"
22:30:54.224 [main] DEBUG org.apache.http.wire - http-outgoing-0 << "            });[\r][\n]"
22:30:54.224 [main] DEBUG org.apache.http.wire - http-outgoing-0 << "[\r][\n]"
22:30:54.224 [main] DEBUG org.apache.http.wire - http-outgoing-0 << "            $(".mls-js-submit-btn").on("click", function(e) {[\r][\n]"
22:30:54.224 [main] DEBUG org.apache.http.wire - http-outgoing-0 << "                var me = $(".mls-js-password-visible").attr("aria-pressed", false);[\r][\n]"
22:30:54.224 [main] DEBUG org.apache.http.wire - http-outgoing-0 << "                me.find(".mls-js-show-icon").show();//.removeClass("sr-only");[\r][\n]"
22:30:54.224 [main] DEBUG org.apache.http.wire - http-outgoing-0 << "                me.find(".mls-js-hide-icon").addClass("mls-hidden");[\r][\n]"
22:30:54.224 [main] DEBUG org.apache.http.wire - http-outgoing-0 << "                $(".mls-js-password-visible .fa-eye").removeClass("fa-eye-slash");[\r][\n]"
22:30:54.224 [main] DEBUG org.apache.http.wire - http-outgoing-0 << "                $(".mls-js-password-input").attr("type", "password");[\r][\n]"
22:30:54.224 [main] DEBUG org.apache.http.wire - http-outgoing-0 << "            });[\r][\n]"
22:30:54.224 [main] DEBUG org.apache.http.wire - http-outgoing-0 << "        });[\r][\n]"
22:30:54.224 [main] DEBUG org.apache.http.wire - http-outgoing-0 << "[\r][\n]"
22:30:54.224 [main] DEBUG org.apache.http.wire - http-outgoing-0 << "        var isMobile = function() {[\r][\n]"
22:30:54.224 [main] DEBUG org.apache.http.wire - http-outgoing-0 << "            return /(iphone|ipod|(android.*mobile)|blackberry|windows ce|palm|symbian|nexus 7|xoom|windows phone)/i.test(navigator.userAgent);[\r][\n]"
22:30:54.225 [main] DEBUG org.apache.http.wire - http-outgoing-0 << "        };[\r][\n]"
22:30:54.225 [main] DEBUG org.apache.http.wire - http-outgoing-0 << "[\r][\n]"
22:30:54.225 [main] DEBUG org.apache.http.wire - http-outgoing-0 << "        var isIPad = function(){[\r][\n]"
22:30:54.225 [main] DEBUG org.apache.http.wire - http-outgoing-0 << "            return /(ipad)/i.test(navigator.userAgent);[\r][\n]"
22:30:54.225 [main] DEBUG org.apache.http.wire - http-outgoing-0 << "        }[\r][\n]"
22:30:54.225 [main] DEBUG org.apache.http.wire - http-outgoing-0 << "        function CheckSavePassword() {[\r][\n]"
22:30:54.225 [main] DEBUG org.apache.http.wire - http-outgoing-0 << "            if (document.loginform.SavePassword.checked) {[\r][\n]"
22:30:54.225 [main] DEBUG org.apache.http.wire - http-outgoing-0 << "                document.loginform.SavePassword.checked = false;[\r][\n]"
22:30:54.225 [main] DEBUG org.apache.http.wire - http-outgoing-0 << "            } else {[\r][\n]"
22:30:54.225 [main] DEBUG org.apache.http.wire - http-outgoing-0 << "                document.loginform.SavePassword.checked = true;[\r][\n]"
22:30:54.225 [main] DEBUG org.apache.http.wire - http-outgoing-0 << "            }[\r][\n]"
22:30:54.225 [main] DEBUG org.apache.http.wire - http-outgoing-0 << "        }[\r][\n]"
22:30:54.225 [main] DEBUG org.apache.http.wire - http-outgoing-0 << "[\r][\n]"
22:30:54.225 [main] DEBUG org.apache.http.wire - http-outgoing-0 << "        function parseQueryString(queryString) {[\r][\n]"
22:30:54.225 [main] DEBUG org.apache.http.wire - http-outgoing-0 << "            var QueryString = {};[\r][\n]"
22:30:54.225 [main] DEBUG org.apache.http.wire - http-outgoing-0 << "            queryString = queryString.slice(queryString.indexOf("?") + 1);[\r][\n]"
22:30:54.225 [main] DEBUG org.apache.http.wire - http-outgoing-0 << "            var qsArray = queryString.split("&");[\r][\n]"
22:30:54.225 [main] DEBUG org.apache.http.wire - http-outgoing-0 << "            for (var i = 0; i < qsArray.length; i++) {[\r][\n]"
22:30:54.225 [main] DEBUG org.apache.http.wire - http-outgoing-0 << "                var arr = qsArray[i].split("=");[\r][\n]"
22:30:54.225 [main] DEBUG org.apache.http.wire - http-outgoing-0 << "                QueryString[arr[0]] = arr[1];[\r][\n]"
22:30:54.225 [main] DEBUG org.apache.http.wire - http-outgoing-0 << "            }[\r][\n]"
22:30:54.225 [main] DEBUG org.apache.http.wire - http-outgoing-0 << "            return QueryString;[\r][\n]"
22:30:54.225 [main] DEBUG org.apache.http.wire - http-outgoing-0 << "        }[\r][\n]"
22:30:54.225 [main] DEBUG org.apache.http.wire - http-outgoing-0 << "[\r][\n]"
22:30:54.225 [main] DEBUG org.apache.http.wire - http-outgoing-0 << "        if (window != top) {[\r][\n]"
22:30:54.225 [main] DEBUG org.apache.http.wire - http-outgoing-0 << "            top.location.href = location.href;[\r][\n]"
22:30:54.225 [main] DEBUG org.apache.http.wire - http-outgoing-0 << "        }[\r][\n]"
22:30:54.225 [main] DEBUG org.apache.http.wire - http-outgoing-0 << "    </script>[\r][\n]"
22:30:54.225 [main] DEBUG org.apache.http.wire - http-outgoing-0 << "    <style>[\r][\n]"
22:30:54.225 [main] DEBUG org.apache.http.wire - http-outgoing-0 << "        body {[\r][\n]"
22:30:54.225 [main] DEBUG org.apache.http.wire - http-outgoing-0 << "            padding:0;[\r][\n]"
22:30:54.225 [main] DEBUG org.apache.http.wire - http-outgoing-0 << "        }[\r][\n]"
22:30:54.225 [main] DEBUG org.apache.http.wire - http-outgoing-0 << "        INPUT.login {[\r][\n]"
22:30:54.225 [main] DEBUG org.apache.http.wire - http-outgoing-0 << "            height: 22px;[\r][\n]"
22:30:54.225 [main] DEBUG org.apache.http.wire - http-outgoing-0 << "            border: 1px solid #808080;[\r][\n]"
22:30:54.225 [main] DEBUG org.apache.http.wire - http-outgoing-0 << "            padding: 2px 4px;[\r][\n]"
22:30:54.225 [main] DEBUG org.apache.http.wire - http-outgoing-0 << "            background-image: url('images/bg_input.gif');[\r][\n]"
22:30:54.225 [main] DEBUG org.apache.http.wire - http-outgoing-0 << "        }[\r][\n]"
22:30:54.225 [main] DEBUG org.apache.http.wire - http-outgoing-0 << "        [\r][\n]"
22:30:54.225 [main] DEBUG org.apache.http.wire - http-outgoing-0 << "       [\r][\n]"
22:30:54.225 [main] DEBUG org.apache.http.wire - http-outgoing-0 << "        .mobile {[\r][\n]"
22:30:54.225 [main] DEBUG org.apache.http.wire - http-outgoing-0 << "            padding: 6px;[\r][\n]"
22:30:54.225 [main] DEBUG org.apache.http.wire - http-outgoing-0 << "            align-content: center;[\r][\n]"
22:30:54.225 [main] DEBUG org.apache.http.wire - http-outgoing-0 << "            align-self: center;[\r][\n]"
22:30:54.225 [main] DEBUG org.apache.http.wire - http-outgoing-0 << "            width: 90%;[\r][\n]"
22:30:54.225 [main] DEBUG org.apache.http.wire - http-outgoing-0 << "            height: auto;[\r][\n]"
22:30:54.225 [main] DEBUG org.apache.http.wire - http-outgoing-0 << "            display: none;[\r][\n]"
22:30:54.225 [main] DEBUG org.apache.http.wire - http-outgoing-0 << "            text-align: center;[\r][\n]"
22:30:54.225 [main] DEBUG org.apache.http.wire - http-outgoing-0 << "            border:4px solid #E7E7E7;[\r][\n]"
22:30:54.225 [main] DEBUG org.apache.http.wire - http-outgoing-0 << "            border-radius: 15px;[\r][\n]"
22:30:54.225 [main] DEBUG org.apache.http.wire - http-outgoing-0 << "          [\r][\n]"
22:30:54.225 [main] DEBUG org.apache.http.wire - http-outgoing-0 << "            color:#444;[\r][\n]"
22:30:54.225 [main] DEBUG org.apache.http.wire - http-outgoing-0 << "            margin: auto;[\r][\n]"
22:30:54.225 [main] DEBUG org.apache.http.wire - http-outgoing-0 << "            background: -moz-linear-gradient(top, #FFFFFF, #E7E7E7);[\r][\n]"
22:30:54.225 [main] DEBUG org.apache.http.wire - http-outgoing-0 << "            background: -ms-linear-gradient(#FFFFFF, #E7E7E7);[\r][\n]"
22:30:54.225 [main] DEBUG org.apache.http.wire - http-outgoing-0 << "            background: -webkit-gradient(linear, left top, left bottom, from(#FFFFFF), to(#E7E7E7));[\r][\n]"
22:30:54.225 [main] DEBUG org.apache.http.wire - http-outgoing-0 << "[\r][\n]"
22:30:54.225 [main] DEBUG org.apache.http.wire - http-outgoing-0 << "            max-width: 25rem;[\r][\n]"
22:30:54.225 [main] DEBUG org.apache.http.wire - http-outgoing-0 << "        }[\r][\n]"
22:30:54.225 [main] DEBUG org.apache.http.wire - http-outgoing-0 << "     [\r][\n]"
22:30:54.225 [main] DEBUG org.apache.http.wire - http-outgoing-0 << "        .mobileButton {[\r][\n]"
22:30:54.225 [main] DEBUG org.apache.http.wire - http-outgoing-0 << "[0x9]     [\r][\n]"
22:30:54.225 [main] DEBUG org.apache.http.wire - http-outgoing-0 << "[0x9]        font-weight:bold;[\r][\n]"
22:30:54.225 [main] DEBUG org.apache.http.wire - http-outgoing-0 << "[0x9]        [\r][\n]"
22:30:54.225 [main] DEBUG org.apache.http.wire - http-outgoing-0 << "[0x9]        border-top: 1px outset grey;[\r][\n]"
22:30:54.225 [main] DEBUG org.apache.http.wire - http-outgoing-0 << "[0x9]        border-left: 1px outset grey;[\r][\n]"
22:30:54.225 [main] DEBUG org.apache.http.wire - http-outgoing-0 << "[0x9]       [\r][\n]"
22:30:54.225 [main] DEBUG org.apache.http.wire - http-outgoing-0 << "    [0x9]     -moz-border-radius:10px 10px 10px 10px;[\r][\n]"
22:30:54.225 [main] DEBUG org.apache.http.wire - http-outgoing-0 << "[0x9]        -webkit-border-radius:10px 10px 10px 10px;[\r][\n]"
22:30:54.225 [main] DEBUG org.apache.http.wire - http-outgoing-0 << "            border-radius:10px 10px 10px 10px;[\r][\n]"
22:30:54.225 [main] DEBUG org.apache.http.wire - http-outgoing-0 << "[0x9]        -webkit-appearance: none;[\r][\n]"
22:30:54.225 [main] DEBUG org.apache.http.wire - http-outgoing-0 << "[0x9]        -moz-appearance:none;[\r][\n]"
22:30:54.225 [main] DEBUG org.apache.http.wire - http-outgoing-0 << "[0x9]        min-height:2rem;[\r][\n]"
22:30:54.225 [main] DEBUG org.apache.http.wire - http-outgoing-0 << "[0x9]        /*width:90px;[\r][\n]"
22:30:54.225 [main] DEBUG org.apache.http.wire - http-outgoing-0 << "[0x9]        [\r][\n]"
22:30:54.225 [main] DEBUG org.apache.http.wire - http-outgoing-0 << "[0x9]        height:54px;[\r][\n]"
22:30:54.225 [main] DEBUG org.apache.http.wire - http-outgoing-0 << "[0x9]        font-family:Ar"
22:30:54.227 [main] DEBUG org.apache.http.headers - http-outgoing-0 << HTTP/1.1 200 OK
22:30:54.227 [main] DEBUG org.apache.http.headers - http-outgoing-0 << Cache-Control: no-cache
22:30:54.227 [main] DEBUG org.apache.http.headers - http-outgoing-0 << Content-Type: text/html
22:30:54.227 [main] DEBUG org.apache.http.headers - http-outgoing-0 << Expires: Wed, 09 Nov 2022 03:30:54 GMT
22:30:54.227 [main] DEBUG org.apache.http.headers - http-outgoing-0 << Server: Microsoft-IIS/10.0
22:30:54.227 [main] DEBUG org.apache.http.headers - http-outgoing-0 << Set-Cookie: .MLSPIN=; expires=11/8/2022 10:30:54 PM; path=/; HttpOnly;Secure;SameSite=Lax;
22:30:54.227 [main] DEBUG org.apache.http.headers - http-outgoing-0 << Set-Cookie: ASP.NET_SessionId=; expires=11/8/2022 10:30:54 PM;  path=/; HttpOnly;Secure;SameSite=Lax;
22:30:54.227 [main] DEBUG org.apache.http.headers - http-outgoing-0 << Set-Cookie: contextUserId=; expires=11/8/2022 10:30:54 PM; path=/; HttpOnly;Secure;SameSite=Lax;
22:30:54.227 [main] DEBUG org.apache.http.headers - http-outgoing-0 << Set-Cookie: ContactsHomeLoad=; expires=11/8/2022 10:30:54 PM; path=/;Secure;SameSite=Lax;
22:30:54.227 [main] DEBUG org.apache.http.headers - http-outgoing-0 << Set-Cookie: hdnCKModuleId=; expires=11/8/2022 10:30:54 PM; path=/;Secure;SameSite=Lax;
22:30:54.227 [main] DEBUG org.apache.http.headers - http-outgoing-0 << Set-Cookie: hdnCKModuleViewId=; expires=11/8/2022 10:30:54 PM; path=/;Secure;SameSite=Lax;
22:30:54.227 [main] DEBUG org.apache.http.headers - http-outgoing-0 << Set-Cookie: hdnCKOrdinal=; expires=11/8/2022 10:30:54 PM; path=/;Secure;SameSite=Lax;
22:30:54.227 [main] DEBUG org.apache.http.headers - http-outgoing-0 << Set-Cookie: hdnCKSkip=; expires=11/8/2022 10:30:54 PM; path=/;Secure;SameSite=Lax;
22:30:54.227 [main] DEBUG org.apache.http.headers - http-outgoing-0 << Set-Cookie: hdnCKTop=; expires=11/8/2022 10:30:54 PM; path=/;Secure;SameSite=Lax;
22:30:54.227 [main] DEBUG org.apache.http.headers - http-outgoing-0 << Set-Cookie: hdnCKListingsPageLoadFlag=; expires=11/8/2022 10:30:54 PM; path=/;Secure;SameSite=Lax;
22:30:54.227 [main] DEBUG org.apache.http.headers - http-outgoing-0 << Set-Cookie: hdnCKListingsPageLoad=; expires=11/8/2022 10:30:54 PM; path=/;Secure;SameSite=Lax;
22:30:54.227 [main] DEBUG org.apache.http.headers - http-outgoing-0 << Set-Cookie: hdnCKViewDetail=; expires=11/8/2022 10:30:54 PM; path=/;Secure;SameSite=Lax;
22:30:54.227 [main] DEBUG org.apache.http.headers - http-outgoing-0 << Set-Cookie: hdnCKViewId=; expires=11/8/2022 10:30:54 PM; path=/;Secure;SameSite=Lax;
22:30:54.227 [main] DEBUG org.apache.http.headers - http-outgoing-0 << Set-Cookie: loadMapFlag=; expires=11/8/2022 10:30:54 PM; path=/;Secure;SameSite=Lax;
22:30:54.227 [main] DEBUG org.apache.http.headers - http-outgoing-0 << Set-Cookie: SubscriberId=; expires=11/8/2022 10:30:54 PM; path=/;Secure;SameSite=Lax;
22:30:54.227 [main] DEBUG org.apache.http.headers - http-outgoing-0 << Set-Cookie: SearchContact=; expires=11/8/2022 10:30:54 PM; path=/;Secure;SameSite=Lax;
22:30:54.227 [main] DEBUG org.apache.http.headers - http-outgoing-0 << Set-Cookie: IgnoreAllFilters=; expires=11/8/2022 10:30:54 PM; path=/;Secure;SameSite=Lax;
22:30:54.227 [main] DEBUG org.apache.http.headers - http-outgoing-0 << Set-Cookie: ContactsHomeSlider=; expires=11/8/2022 10:30:54 PM; path=/;Secure;SameSite=Lax;
22:30:54.227 [main] DEBUG org.apache.http.headers - http-outgoing-0 << Set-Cookie: ContactsHomeTab=; expires=11/8/2022 10:30:54 PM; path=/;Secure;SameSite=Lax;
22:30:54.227 [main] DEBUG org.apache.http.headers - http-outgoing-0 << Set-Cookie: ContactsHomeShowNotes=; expires=11/8/2022 10:30:54 PM; path=/;Secure;SameSite=Lax;
22:30:54.227 [main] DEBUG org.apache.http.headers - http-outgoing-0 << Set-Cookie: ContactsDetailTab=; expires=11/8/2022 10:30:54 PM; path=/;Secure;SameSite=Lax;
22:30:54.227 [main] DEBUG org.apache.http.headers - http-outgoing-0 << Set-Cookie: ContactsActivitySlider=; expires=11/8/2022 10:30:54 PM; path=/;Secure;SameSite=Lax;
22:30:54.227 [main] DEBUG org.apache.http.headers - http-outgoing-0 << Set-Cookie: ContactsSearchShowDetail=; expires=11/8/2022 10:30:54 PM; path=/;Secure;SameSite=Lax;
22:30:54.227 [main] DEBUG org.apache.http.headers - http-outgoing-0 << Set-Cookie: ContactsMatchesSlider=; expires=11/8/2022 10:30:54 PM; path=/;Secure;SameSite=Lax;
22:30:54.227 [main] DEBUG org.apache.http.headers - http-outgoing-0 << Set-Cookie: ContactsMatchesTab=; expires=11/8/2022 10:30:54 PM; path=/;Secure;SameSite=Lax;
22:30:54.227 [main] DEBUG org.apache.http.headers - http-outgoing-0 << Set-Cookie: ContactsHistorySlider=; expires=11/8/2022 10:30:54 PM; path=/;Secure;SameSite=Lax;
22:30:54.227 [main] DEBUG org.apache.http.headers - http-outgoing-0 << Set-Cookie: ScrollLocationTop=; expires=11/8/2022 10:30:54 PM; path=/;Secure;SameSite=Lax;
22:30:54.227 [main] DEBUG org.apache.http.headers - http-outgoing-0 << Set-Cookie: ScrollLocationLeft=; expires=11/8/2022 10:30:54 PM; path=/;Secure;SameSite=Lax;
22:30:54.227 [main] DEBUG org.apache.http.headers - http-outgoing-0 << Set-Cookie: ScrollLocationTopCMA=; expires=11/8/2022 10:30:54 PM; path=/;Secure;SameSite=Lax;
22:30:54.227 [main] DEBUG org.apache.http.headers - http-outgoing-0 << Set-Cookie: ScrollLocationLeftCMA=; expires=11/8/2022 10:30:54 PM; path=/;Secure;SameSite=Lax;
22:30:54.227 [main] DEBUG org.apache.http.headers - http-outgoing-0 << Set-Cookie: amrMLSID=; expires=11/8/2022 10:30:54 PM; path=/;Secure;SameSite=Lax;
22:30:54.227 [main] DEBUG org.apache.http.headers - http-outgoing-0 << Set-Cookie: amrUNK=; expires=11/8/2022 10:30:54 PM; path=/;Secure;SameSite=Lax;
22:30:54.227 [main] DEBUG org.apache.http.headers - http-outgoing-0 << Set-Cookie: amrSID=; expires=11/8/2022 10:30:54 PM; path=/;Secure;SameSite=Lax;
22:30:54.227 [main] DEBUG org.apache.http.headers - http-outgoing-0 << Set-Cookie: ASPSESSIONIDAEADADAC=LKMPMGCCOHHAADEFJJKMKDIM; secure; path=/
22:30:54.227 [main] DEBUG org.apache.http.headers - http-outgoing-0 << X-Powered-By: ASP.NET
22:30:54.227 [main] DEBUG org.apache.http.headers - http-outgoing-0 << Date: Thu, 10 Nov 2022 03:30:54 GMT
22:30:54.227 [main] DEBUG org.apache.http.headers - http-outgoing-0 << Content-Length: 16869
22:30:54.228 [main] DEBUG org.apache.http.impl.execchain.MainClientExec - Connection can be kept alive indefinitely
]]></system-out>
  </testcase>
</testsuite>